2026-02-13T18:27:35.685+05:30  INFO 25582 --- [Consumer] [main] c.brahmesh.Consumer.ConsumerApplication  : Starting ConsumerApplication using Java 22.0.2 with PID 25582 (/Users/brahmesh/Desktop/Real-Time Order Analytics Platform/Consumer/target/classes started by brahmesh in /Users/brahmesh/Desktop/Real-Time Order Analytics Platform/Consumer)
2026-02-13T18:27:35.700+05:30  INFO 25582 --- [Consumer] [main] c.brahmesh.Consumer.ConsumerApplication  : No active profile set, falling back to 1 default profile: "default"
2026-02-13T18:27:50.132+05:30  INFO 25582 --- [Consumer] [main] c.brahmesh.Consumer.ConsumerApplication  : Started ConsumerApplication in 16.874 seconds (process running for 18.797)
2026-02-13T18:28:11.263+05:30  INFO 25582 --- [Consumer] [http-nio-8080-exec-1] c.b.Consumer.Controller.StartPoint       : Order Check Successfully
2026-02-13T18:28:11.434+05:30  INFO 25582 --- [Consumer] [http-nio-8080-exec-1] c.brahmesh.Consumer.Service.ValidOrder   : This order 1014 is going for preparing to Chef Preparation
2026-02-13T18:28:11.435+05:30  INFO 25582 --- [Consumer] [http-nio-8080-exec-1] c.brahmesh.Consumer.Service.ValidOrder   : Order: 1014 placed at WEB
2026-02-13T18:40:44.892+05:30  INFO 25830 --- [Consumer] [main] c.brahmesh.Consumer.ConsumerApplication  : Starting ConsumerApplication using Java 22.0.2 with PID 25830 (/Users/brahmesh/Desktop/Real-Time Order Analytics Platform/Consumer/target/classes started by brahmesh in /Users/brahmesh/Desktop/Real-Time Order Analytics Platform/Consumer)
2026-02-13T18:40:44.908+05:30  INFO 25830 --- [Consumer] [main] c.brahmesh.Consumer.ConsumerApplication  : No active profile set, falling back to 1 default profile: "default"
2026-02-13T18:40:57.297+05:30  INFO 25830 --- [Consumer] [main] c.brahmesh.Consumer.ConsumerApplication  : Started ConsumerApplication in 15.075 seconds (process running for 17.291)
2026-02-13T18:41:26.168+05:30  INFO 25830 --- [Consumer] [http-nio-8080-exec-1] c.b.Consumer.Controller.StartPoint       : Order Check Successfully
2026-02-13T18:41:26.545+05:30  INFO 25830 --- [Consumer] [http-nio-8080-exec-1] c.brahmesh.Consumer.Service.ValidOrder   : This order 1014 is going for preparing to Chef Preparation
2026-02-13T18:41:26.546+05:30  INFO 25830 --- [Consumer] [http-nio-8080-exec-1] c.brahmesh.Consumer.Service.ValidOrder   : Order: 1014 placed at WEB
2026-02-13T18:48:35.138+05:30  INFO 25830 --- [Consumer] [http-nio-8080-exec-4] c.b.Consumer.Controller.StartPoint       : Order Check Successfully
2026-02-13T18:48:35.170+05:30  INFO 25830 --- [Consumer] [http-nio-8080-exec-4] c.brahmesh.Consumer.Service.ValidOrder   : This order 1014 is going for preparing to Chef Preparation
2026-02-13T18:48:35.170+05:30  INFO 25830 --- [Consumer] [http-nio-8080-exec-4] c.brahmesh.Consumer.Service.ValidOrder   : Order: 1014 placed at WEB
2026-02-13T19:11:19.632+05:30  INFO 25830 --- [Consumer] [http-nio-8080-exec-8] c.b.Consumer.Controller.StartPoint       : Order Check Successfully
2026-02-13T19:11:20.696+05:30  INFO 25830 --- [Consumer] [http-nio-8080-exec-8] c.brahmesh.Consumer.Service.ValidOrder   : This order 1014 is going for preparing to Chef Preparation
2026-02-13T19:11:20.697+05:30  INFO 25830 --- [Consumer] [http-nio-8080-exec-8] c.brahmesh.Consumer.Service.ValidOrder   : Order: 1014 placed at WEB
2026-02-13T19:11:42.757+05:30  INFO 25830 --- [Consumer] [http-nio-8080-exec-9] c.b.Consumer.Controller.StartPoint       : Order Check Successfully
2026-02-13T19:11:42.762+05:30  INFO 25830 --- [Consumer] [http-nio-8080-exec-9] c.brahmesh.Consumer.Service.ValidOrder   : This order 1014 is going for preparing to Chef Preparation
2026-02-13T19:11:42.763+05:30  INFO 25830 --- [Consumer] [http-nio-8080-exec-9] c.brahmesh.Consumer.Service.ValidOrder   : Order: 1014 placed at WEB
2026-02-13T19:11:43.794+05:30  INFO 25830 --- [Consumer] [http-nio-8080-exec-10] c.b.Consumer.Controller.StartPoint       : Order Check Successfully
2026-02-13T19:11:43.811+05:30  INFO 25830 --- [Consumer] [http-nio-8080-exec-10] c.brahmesh.Consumer.Service.ValidOrder   : This order 1014 is going for preparing to Chef Preparation
2026-02-13T19:11:43.811+05:30  INFO 25830 --- [Consumer] [http-nio-8080-exec-10] c.brahmesh.Consumer.Service.ValidOrder   : Order: 1014 placed at WEB
2026-02-13T19:11:44.799+05:30  INFO 25830 --- [Consumer] [http-nio-8080-exec-2] c.b.Consumer.Controller.StartPoint       : Order Check Successfully
2026-02-13T19:11:44.803+05:30  INFO 25830 --- [Consumer] [http-nio-8080-exec-2] c.brahmesh.Consumer.Service.ValidOrder   : This order 1014 is going for preparing to Chef Preparation
2026-02-13T19:11:44.804+05:30  INFO 25830 --- [Consumer] [http-nio-8080-exec-2] c.brahmesh.Consumer.Service.ValidOrder   : Order: 1014 placed at WEB
2026-02-13T19:11:45.700+05:30  INFO 25830 --- [Consumer] [http-nio-8080-exec-1] c.b.Consumer.Controller.StartPoint       : Order Check Successfully
2026-02-13T19:11:45.704+05:30  INFO 25830 --- [Consumer] [http-nio-8080-exec-1] c.brahmesh.Consumer.Service.ValidOrder   : This order 1014 is going for preparing to Chef Preparation
2026-02-13T19:11:45.705+05:30  INFO 25830 --- [Consumer] [http-nio-8080-exec-1] c.brahmesh.Consumer.Service.ValidOrder   : Order: 1014 placed at WEB
2026-02-13T19:11:47.102+05:30  INFO 25830 --- [Consumer] [http-nio-8080-exec-3] c.b.Consumer.Controller.StartPoint       : Order Check Successfully
2026-02-13T19:11:47.112+05:30  INFO 25830 --- [Consumer] [http-nio-8080-exec-3] c.brahmesh.Consumer.Service.ValidOrder   : This order 1014 is going for preparing to Chef Preparation
2026-02-13T19:11:47.112+05:30  INFO 25830 --- [Consumer] [http-nio-8080-exec-3] c.brahmesh.Consumer.Service.ValidOrder   : Order: 1014 placed at WEB
2026-02-13T19:11:49.899+05:30  INFO 25830 --- [Consumer] [http-nio-8080-exec-5] c.b.Consumer.Controller.StartPoint       : Order Check Successfully
2026-02-13T19:11:50.268+05:30  INFO 25830 --- [Consumer] [http-nio-8080-exec-5] c.brahmesh.Consumer.Service.ValidOrder   : This order 1015 is going for preparing to Chef Preparation
2026-02-13T19:11:50.269+05:30  INFO 25830 --- [Consumer] [http-nio-8080-exec-5] c.brahmesh.Consumer.Service.ValidOrder   : Order: 1015 placed at ANDROID
2026-02-13T19:13:17.778+05:30  INFO 25830 --- [Consumer] [http-nio-8080-exec-7] c.b.Consumer.Controller.StartPoint       : Order Check Successfully
2026-02-13T19:13:17.780+05:30  INFO 25830 --- [Consumer] [http-nio-8080-exec-7] c.brahmesh.Consumer.Service.ValidOrder   : This order 1015 can't be prepared due to time constraint
2026-02-13T19:13:29.911+05:30  INFO 25830 --- [Consumer] [http-nio-8080-exec-8] c.b.Consumer.Controller.StartPoint       : Order Check Successfully
2026-02-13T19:13:29.911+05:30  INFO 25830 --- [Consumer] [http-nio-8080-exec-8] c.brahmesh.Consumer.Service.ValidOrder   : This order 1015 can't be prepared due to time constraint
2026-02-13T19:14:02.651+05:30  INFO 25830 --- [Consumer] [http-nio-8080-exec-9] c.b.Consumer.Controller.StartPoint       : Order Check Successfully
2026-02-13T19:14:02.745+05:30  INFO 25830 --- [Consumer] [http-nio-8080-exec-9] c.brahmesh.Consumer.Service.ValidOrder   : This order 1015 is going for preparing to Chef Preparation
2026-02-13T19:14:02.747+05:30  INFO 25830 --- [Consumer] [http-nio-8080-exec-9] c.brahmesh.Consumer.Service.ValidOrder   : Order: 1015 placed at ANDROID
2026-02-13T19:14:05.761+05:30  INFO 25830 --- [Consumer] [http-nio-8080-exec-10] c.b.Consumer.Controller.StartPoint       : Order Check Successfully
2026-02-13T19:14:05.812+05:30  INFO 25830 --- [Consumer] [http-nio-8080-exec-10] c.brahmesh.Consumer.Service.ValidOrder   : This order 10135 is going for preparing to Chef Preparation
2026-02-13T19:14:05.813+05:30  INFO 25830 --- [Consumer] [http-nio-8080-exec-10] c.brahmesh.Consumer.Service.ValidOrder   : Order: 10135 placed at ANDROID
2026-02-13T19:14:08.926+05:30  INFO 25830 --- [Consumer] [http-nio-8080-exec-2] c.b.Consumer.Controller.StartPoint       : Order Check Successfully
2026-02-13T19:14:08.932+05:30  INFO 25830 --- [Consumer] [http-nio-8080-exec-2] c.brahmesh.Consumer.Service.ValidOrder   : This order 10135 is going for preparing to Chef Preparation
2026-02-13T19:14:08.933+05:30  INFO 25830 --- [Consumer] [http-nio-8080-exec-2] c.brahmesh.Consumer.Service.ValidOrder   : Order: 10135 placed at ANDROID
2026-02-13T19:14:13.101+05:30  INFO 25830 --- [Consumer] [http-nio-8080-exec-1] c.b.Consumer.Controller.StartPoint       : Order Check Successfully
2026-02-13T19:14:13.150+05:30  INFO 25830 --- [Consumer] [http-nio-8080-exec-1] c.brahmesh.Consumer.Service.ValidOrder   : This order 10145 is going for preparing to Chef Preparation
2026-02-13T19:14:13.151+05:30  INFO 25830 --- [Consumer] [http-nio-8080-exec-1] c.brahmesh.Consumer.Service.ValidOrder   : Order: 10145 placed at ANDROID
2026-02-13T19:14:16.662+05:30  INFO 25830 --- [Consumer] [http-nio-8080-exec-3] c.b.Consumer.Controller.StartPoint       : Order Check Successfully
2026-02-13T19:14:16.669+05:30  INFO 25830 --- [Consumer] [http-nio-8080-exec-3] c.brahmesh.Consumer.Service.ValidOrder   : This order 10145 is going for preparing to Chef Preparation
2026-02-13T19:14:16.670+05:30  INFO 25830 --- [Consumer] [http-nio-8080-exec-3] c.brahmesh.Consumer.Service.ValidOrder   : Order: 10145 placed at ANDROID
2026-02-13T19:14:19.977+05:30  INFO 25830 --- [Consumer] [http-nio-8080-exec-5] c.b.Consumer.Controller.StartPoint       : Order Check Successfully
2026-02-13T19:14:20.036+05:30  INFO 25830 --- [Consumer] [http-nio-8080-exec-5] c.brahmesh.Consumer.Service.ValidOrder   : This order 10146 is going for preparing to Chef Preparation
2026-02-13T19:14:20.036+05:30  INFO 25830 --- [Consumer] [http-nio-8080-exec-5] c.brahmesh.Consumer.Service.ValidOrder   : Order: 10146 placed at WEB
2026-02-13T19:14:24.203+05:30  INFO 25830 --- [Consumer] [http-nio-8080-exec-4] c.b.Consumer.Controller.StartPoint       : Order Check Successfully
2026-02-13T19:14:24.257+05:30  INFO 25830 --- [Consumer] [http-nio-8080-exec-4] c.brahmesh.Consumer.Service.ValidOrder   : This order 10147 is going for preparing to Chef Preparation
2026-02-13T19:14:24.258+05:30  INFO 25830 --- [Consumer] [http-nio-8080-exec-4] c.brahmesh.Consumer.Service.ValidOrder   : Order: 10147 placed at ANDROID
2026-02-13T19:14:28.120+05:30  INFO 25830 --- [Consumer] [http-nio-8080-exec-6] c.b.Consumer.Controller.StartPoint       : Order Check Successfully
2026-02-13T19:14:28.167+05:30  INFO 25830 --- [Consumer] [http-nio-8080-exec-6] c.brahmesh.Consumer.Service.ValidOrder   : This order 10148 is going for preparing to Chef Preparation
2026-02-13T19:14:28.168+05:30  INFO 25830 --- [Consumer] [http-nio-8080-exec-6] c.brahmesh.Consumer.Service.ValidOrder   : Order: 10148 placed at WEB
2026-02-13T19:14:33.017+05:30  INFO 25830 --- [Consumer] [http-nio-8080-exec-7] c.b.Consumer.Controller.StartPoint       : Order Check Successfully
2026-02-13T19:14:33.084+05:30  INFO 25830 --- [Consumer] [http-nio-8080-exec-7] c.brahmesh.Consumer.Service.ValidOrder   : This order 10144 is going for preparing to Chef Preparation
2026-02-13T19:14:33.084+05:30  INFO 25830 --- [Consumer] [http-nio-8080-exec-7] c.brahmesh.Consumer.Service.ValidOrder   : Order: 10144 placed at WEB
2026-02-13T19:14:35.509+05:30  INFO 25830 --- [Consumer] [http-nio-8080-exec-8] c.b.Consumer.Controller.StartPoint       : Order Check Successfully
2026-02-13T19:14:35.558+05:30  INFO 25830 --- [Consumer] [http-nio-8080-exec-8] c.brahmesh.Consumer.Service.ValidOrder   : This order 10444 is going for preparing to Chef Preparation
2026-02-13T19:14:35.558+05:30  INFO 25830 --- [Consumer] [http-nio-8080-exec-8] c.brahmesh.Consumer.Service.ValidOrder   : Order: 10444 placed at WEB
2026-02-13T19:15:10.395+05:30  INFO 25830 --- [Consumer] [http-nio-8080-exec-9] c.b.Consumer.Controller.StartPoint       : Order Check Successfully
2026-02-13T19:15:10.411+05:30  INFO 25830 --- [Consumer] [http-nio-8080-exec-9] c.brahmesh.Consumer.Service.ValidOrder   : This order 10444 is going for preparing to Chef Preparation
2026-02-13T19:15:10.411+05:30  INFO 25830 --- [Consumer] [http-nio-8080-exec-9] c.brahmesh.Consumer.Service.ValidOrder   : Order: 10444 placed at WEB
2026-02-13T19:15:27.452+05:30  INFO 25830 --- [Consumer] [http-nio-8080-exec-10] c.b.Consumer.Controller.StartPoint       : Order Check Successfully
2026-02-13T19:15:27.498+05:30  INFO 25830 --- [Consumer] [http-nio-8080-exec-10] c.brahmesh.Consumer.Service.ValidOrder   : This order 12331 is going for preparing to Chef Preparation
2026-02-13T19:15:27.499+05:30  INFO 25830 --- [Consumer] [http-nio-8080-exec-10] c.brahmesh.Consumer.Service.ValidOrder   : Order: 12331 placed at ANDROID
2026-02-13T19:15:30.735+05:30  INFO 25830 --- [Consumer] [http-nio-8080-exec-2] c.b.Consumer.Controller.StartPoint       : Order Check Successfully
2026-02-13T19:15:30.783+05:30  INFO 25830 --- [Consumer] [http-nio-8080-exec-2] c.brahmesh.Consumer.Service.ValidOrder   : This order 123 is going for preparing to Chef Preparation
2026-02-13T19:15:30.784+05:30  INFO 25830 --- [Consumer] [http-nio-8080-exec-2] c.brahmesh.Consumer.Service.ValidOrder   : Order: 123 placed at ANDROID
2026-02-13T19:15:33.419+05:30  INFO 25830 --- [Consumer] [http-nio-8080-exec-1] c.b.Consumer.Controller.StartPoint       : Order Check Successfully
2026-02-13T19:15:33.504+05:30  INFO 25830 --- [Consumer] [http-nio-8080-exec-1] c.brahmesh.Consumer.Service.ValidOrder   : This order 12343 is going for preparing to Chef Preparation
2026-02-13T19:15:33.505+05:30  INFO 25830 --- [Consumer] [http-nio-8080-exec-1] c.brahmesh.Consumer.Service.ValidOrder   : Order: 12343 placed at ANDROID
2026-02-13T19:15:37.794+05:30  INFO 25830 --- [Consumer] [http-nio-8080-exec-3] c.b.Consumer.Controller.StartPoint       : Order Check Successfully
2026-02-13T19:15:37.841+05:30  INFO 25830 --- [Consumer] [http-nio-8080-exec-3] c.brahmesh.Consumer.Service.ValidOrder   : This order 234 is going for preparing to Chef Preparation
2026-02-13T19:15:37.842+05:30  INFO 25830 --- [Consumer] [http-nio-8080-exec-3] c.brahmesh.Consumer.Service.ValidOrder   : Order: 234 placed at WEB
2026-02-13T19:15:42.675+05:30  INFO 25830 --- [Consumer] [http-nio-8080-exec-5] c.b.Consumer.Controller.StartPoint       : Order Check Successfully
2026-02-13T19:15:42.723+05:30  INFO 25830 --- [Consumer] [http-nio-8080-exec-5] c.brahmesh.Consumer.Service.ValidOrder   : This order 3244 is going for preparing to Chef Preparation
2026-02-13T19:15:42.723+05:30  INFO 25830 --- [Consumer] [http-nio-8080-exec-5] c.brahmesh.Consumer.Service.ValidOrder   : Order: 3244 placed at WEB
2026-02-13T19:15:45.664+05:30  INFO 25830 --- [Consumer] [http-nio-8080-exec-4] c.b.Consumer.Controller.StartPoint       : Order Check Successfully
2026-02-13T19:15:45.717+05:30  INFO 25830 --- [Consumer] [http-nio-8080-exec-4] c.brahmesh.Consumer.Service.ValidOrder   : This order 23423 is going for preparing to Chef Preparation
2026-02-13T19:15:45.717+05:30  INFO 25830 --- [Consumer] [http-nio-8080-exec-4] c.brahmesh.Consumer.Service.ValidOrder   : Order: 23423 placed at ANDROID
2026-02-13T19:15:49.122+05:30  INFO 25830 --- [Consumer] [http-nio-8080-exec-6] c.b.Consumer.Controller.StartPoint       : Order Check Successfully
2026-02-13T19:15:49.176+05:30  INFO 25830 --- [Consumer] [http-nio-8080-exec-6] c.brahmesh.Consumer.Service.ValidOrder   : This order 324423 is going for preparing to Chef Preparation
2026-02-13T19:15:49.178+05:30  INFO 25830 --- [Consumer] [http-nio-8080-exec-6] c.brahmesh.Consumer.Service.ValidOrder   : Order: 324423 placed at ANDROID
2026-02-13T19:15:52.372+05:30  INFO 25830 --- [Consumer] [http-nio-8080-exec-7] c.b.Consumer.Controller.StartPoint       : Order Check Successfully
2026-02-13T19:15:52.434+05:30  INFO 25830 --- [Consumer] [http-nio-8080-exec-7] c.brahmesh.Consumer.Service.ValidOrder   : This order 223 is going for preparing to Chef Preparation
2026-02-13T19:15:52.435+05:30  INFO 25830 --- [Consumer] [http-nio-8080-exec-7] c.brahmesh.Consumer.Service.ValidOrder   : Order: 223 placed at ANDROID
2026-02-13T19:15:55.241+05:30  INFO 25830 --- [Consumer] [http-nio-8080-exec-8] c.b.Consumer.Controller.StartPoint       : Order Check Successfully
2026-02-13T19:15:55.291+05:30  INFO 25830 --- [Consumer] [http-nio-8080-exec-8] c.brahmesh.Consumer.Service.ValidOrder   : This order 123123 is going for preparing to Chef Preparation
2026-02-13T19:15:55.291+05:30  INFO 25830 --- [Consumer] [http-nio-8080-exec-8] c.brahmesh.Consumer.Service.ValidOrder   : Order: 123123 placed at ANDROID
2026-02-13T19:15:57.702+05:30  INFO 25830 --- [Consumer] [http-nio-8080-exec-9] c.b.Consumer.Controller.StartPoint       : Order Check Successfully
2026-02-13T19:15:57.759+05:30  INFO 25830 --- [Consumer] [http-nio-8080-exec-9] c.brahmesh.Consumer.Service.ValidOrder   : This order 234324 is going for preparing to Chef Preparation
2026-02-13T19:15:57.760+05:30  INFO 25830 --- [Consumer] [http-nio-8080-exec-9] c.brahmesh.Consumer.Service.ValidOrder   : Order: 234324 placed at WEB
2026-02-13T19:16:02.707+05:30  INFO 25830 --- [Consumer] [http-nio-8080-exec-10] c.b.Consumer.Controller.StartPoint       : Order Check Successfully
2026-02-13T19:16:02.760+05:30  INFO 25830 --- [Consumer] [http-nio-8080-exec-10] c.brahmesh.Consumer.Service.ValidOrder   : This order 43534 is going for preparing to Chef Preparation
2026-02-13T19:16:02.762+05:30  INFO 25830 --- [Consumer] [http-nio-8080-exec-10] c.brahmesh.Consumer.Service.ValidOrder   : Order: 43534 placed at WEB
2026-02-13T19:16:10.291+05:30  INFO 25830 --- [Consumer] [http-nio-8080-exec-2] c.b.Consumer.Controller.StartPoint       : Order Check Successfully
2026-02-13T19:16:10.341+05:30  INFO 25830 --- [Consumer] [http-nio-8080-exec-2] c.brahmesh.Consumer.Service.ValidOrder   : This order 1231 is going for preparing to Chef Preparation
2026-02-13T19:16:10.342+05:30  INFO 25830 --- [Consumer] [http-nio-8080-exec-2] c.brahmesh.Consumer.Service.ValidOrder   : Order: 1231 placed at ANDROID
2026-02-13T19:16:15.952+05:30  INFO 25830 --- [Consumer] [http-nio-8080-exec-1] c.b.Consumer.Controller.StartPoint       : Order Check Successfully
2026-02-13T19:16:15.996+05:30  INFO 25830 --- [Consumer] [http-nio-8080-exec-1] c.brahmesh.Consumer.Service.ValidOrder   : This order 1221 is going for preparing to Chef Preparation
2026-02-13T19:16:15.997+05:30  INFO 25830 --- [Consumer] [http-nio-8080-exec-1] c.brahmesh.Consumer.Service.ValidOrder   : Order: 1221 placed at ANDROID
2026-02-13T19:16:19.701+05:30  INFO 25830 --- [Consumer] [http-nio-8080-exec-3] c.b.Consumer.Controller.StartPoint       : Order Check Successfully
2026-02-13T19:16:19.752+05:30  INFO 25830 --- [Consumer] [http-nio-8080-exec-3] c.brahmesh.Consumer.Service.ValidOrder   : This order 34234 is going for preparing to Chef Preparation
2026-02-13T19:16:19.753+05:30  INFO 25830 --- [Consumer] [http-nio-8080-exec-3] c.brahmesh.Consumer.Service.ValidOrder   : Order: 34234 placed at WEB
2026-02-13T19:16:22.802+05:30  INFO 25830 --- [Consumer] [http-nio-8080-exec-5] c.b.Consumer.Controller.StartPoint       : Order Check Successfully
2026-02-13T19:16:22.857+05:30  INFO 25830 --- [Consumer] [http-nio-8080-exec-5] c.brahmesh.Consumer.Service.ValidOrder   : This order 12312 is going for preparing to Chef Preparation
2026-02-13T19:16:22.857+05:30  INFO 25830 --- [Consumer] [http-nio-8080-exec-5] c.brahmesh.Consumer.Service.ValidOrder   : Order: 12312 placed at WEB
2026-02-13T19:16:25.587+05:30  INFO 25830 --- [Consumer] [http-nio-8080-exec-4] c.b.Consumer.Controller.StartPoint       : Order Check Successfully
2026-02-13T19:16:25.632+05:30  INFO 25830 --- [Consumer] [http-nio-8080-exec-4] c.brahmesh.Consumer.Service.ValidOrder   : This order 4234 is going for preparing to Chef Preparation
2026-02-13T19:16:25.632+05:30  INFO 25830 --- [Consumer] [http-nio-8080-exec-4] c.brahmesh.Consumer.Service.ValidOrder   : Order: 4234 placed at WEB
2026-02-13T19:16:28.367+05:30  INFO 25830 --- [Consumer] [http-nio-8080-exec-6] c.b.Consumer.Controller.StartPoint       : Order Check Successfully
2026-02-13T19:16:28.377+05:30  INFO 25830 --- [Consumer] [http-nio-8080-exec-6] c.brahmesh.Consumer.Service.ValidOrder   : This order 1231 is going for preparing to Chef Preparation
2026-02-13T19:16:28.377+05:30  INFO 25830 --- [Consumer] [http-nio-8080-exec-6] c.brahmesh.Consumer.Service.ValidOrder   : Order: 1231 placed at ANDROID
2026-02-13T19:16:31.194+05:30  INFO 25830 --- [Consumer] [http-nio-8080-exec-7] c.b.Consumer.Controller.StartPoint       : Order Check Successfully
2026-02-13T19:16:31.240+05:30  INFO 25830 --- [Consumer] [http-nio-8080-exec-7] c.brahmesh.Consumer.Service.ValidOrder   : This order 657 is going for preparing to Chef Preparation
2026-02-13T19:16:31.240+05:30  INFO 25830 --- [Consumer] [http-nio-8080-exec-7] c.brahmesh.Consumer.Service.ValidOrder   : Order: 657 placed at ANDROID
2026-02-13T19:21:06.135+05:30  INFO 25830 --- [Consumer] [http-nio-8080-exec-10] c.b.Consumer.Controller.StartPoint       : Order Check Successfully
2026-02-13T19:21:06.189+05:30  INFO 25830 --- [Consumer] [http-nio-8080-exec-10] c.brahmesh.Consumer.Service.ValidOrder   : This order 657 is going for preparing to Chef Preparation
2026-02-13T19:21:06.190+05:30  INFO 25830 --- [Consumer] [http-nio-8080-exec-10] c.brahmesh.Consumer.Service.ValidOrder   : Order: 657 placed at ANDROID
2026-02-13T19:21:10.260+05:30  INFO 25830 --- [Consumer] [http-nio-8080-exec-2] c.b.Consumer.Controller.StartPoint       : Order Check Successfully
2026-02-13T19:21:10.264+05:30  INFO 25830 --- [Consumer] [http-nio-8080-exec-2] c.brahmesh.Consumer.Service.ValidOrder   : This order 123 is going for preparing to Chef Preparation
2026-02-13T19:21:10.264+05:30  INFO 25830 --- [Consumer] [http-nio-8080-exec-2] c.brahmesh.Consumer.Service.ValidOrder   : Order: 123 placed at ANDROID
2026-02-13T19:21:13.219+05:30  INFO 25830 --- [Consumer] [http-nio-8080-exec-1] c.b.Consumer.Controller.StartPoint       : Order Check Successfully
2026-02-13T19:21:13.231+05:30  INFO 25830 --- [Consumer] [http-nio-8080-exec-1] c.brahmesh.Consumer.Service.ValidOrder   : This order 34 is going for preparing to Chef Preparation
2026-02-13T19:21:13.231+05:30  INFO 25830 --- [Consumer] [http-nio-8080-exec-1] c.brahmesh.Consumer.Service.ValidOrder   : Order: 34 placed at WEB
2026-02-13T19:21:18.708+05:30  INFO 25830 --- [Consumer] [http-nio-8080-exec-3] c.b.Consumer.Controller.StartPoint       : Order Check Successfully
2026-02-13T19:21:18.712+05:30  INFO 25830 --- [Consumer] [http-nio-8080-exec-3] c.brahmesh.Consumer.Service.ValidOrder   : This order 123 is going for preparing to Chef Preparation
2026-02-13T19:21:18.713+05:30  INFO 25830 --- [Consumer] [http-nio-8080-exec-3] c.brahmesh.Consumer.Service.ValidOrder   : Order: 123 placed at ANDROID
2026-02-13T19:21:22.542+05:30  INFO 25830 --- [Consumer] [http-nio-8080-exec-5] c.b.Consumer.Controller.StartPoint       : Order Check Successfully
2026-02-13T19:21:22.598+05:30  INFO 25830 --- [Consumer] [http-nio-8080-exec-5] c.brahmesh.Consumer.Service.ValidOrder   : This order 122 is going for preparing to Chef Preparation
2026-02-13T19:21:22.599+05:30  INFO 25830 --- [Consumer] [http-nio-8080-exec-5] c.brahmesh.Consumer.Service.ValidOrder   : Order: 122 placed at WEB
2026-02-13T19:21:26.679+05:30  INFO 25830 --- [Consumer] [http-nio-8080-exec-4] c.b.Consumer.Controller.StartPoint       : Order Check Successfully
2026-02-13T19:21:26.686+05:30  INFO 25830 --- [Consumer] [http-nio-8080-exec-4] c.brahmesh.Consumer.Service.ValidOrder   : This order 566 is going for preparing to Chef Preparation
2026-02-13T19:21:26.686+05:30  INFO 25830 --- [Consumer] [http-nio-8080-exec-4] c.brahmesh.Consumer.Service.ValidOrder   : Order: 566 placed at WEB
2026-02-13T19:21:38.091+05:30  INFO 25830 --- [Consumer] [http-nio-8080-exec-6] c.b.Consumer.Controller.StartPoint       : Order Check Successfully
2026-02-13T19:21:38.142+05:30  INFO 25830 --- [Consumer] [http-nio-8080-exec-6] c.brahmesh.Consumer.Service.ValidOrder   : This order 11 is going for preparing to Chef Preparation
2026-02-13T19:21:38.143+05:30  INFO 25830 --- [Consumer] [http-nio-8080-exec-6] c.brahmesh.Consumer.Service.ValidOrder   : Order: 11 placed at ANDROID
2026-02-13T19:21:45.987+05:30  INFO 25830 --- [Consumer] [http-nio-8080-exec-7] c.b.Consumer.Controller.StartPoint       : Order Check Successfully
2026-02-13T19:21:45.996+05:30  INFO 25830 --- [Consumer] [http-nio-8080-exec-7] c.brahmesh.Consumer.Service.ValidOrder   : This order 11 is going for preparing to Chef Preparation
2026-02-13T19:21:45.997+05:30  INFO 25830 --- [Consumer] [http-nio-8080-exec-7] c.brahmesh.Consumer.Service.ValidOrder   : Order: 11 placed at ANDROID
2026-02-13T19:21:49.677+05:30  INFO 25830 --- [Consumer] [http-nio-8080-exec-8] c.b.Consumer.Controller.StartPoint       : Order Check Successfully
2026-02-13T19:21:49.820+05:30  INFO 25830 --- [Consumer] [http-nio-8080-exec-8] c.brahmesh.Consumer.Service.ValidOrder   : This order 1011 is going for preparing to Chef Preparation
2026-02-13T19:21:49.821+05:30  INFO 25830 --- [Consumer] [http-nio-8080-exec-8] c.brahmesh.Consumer.Service.ValidOrder   : Order: 1011 placed at ANDROID
2026-02-13T19:21:52.188+05:30  INFO 25830 --- [Consumer] [http-nio-8080-exec-9] c.b.Consumer.Controller.StartPoint       : Order Check Successfully
2026-02-13T19:21:52.203+05:30  INFO 25830 --- [Consumer] [http-nio-8080-exec-9] c.brahmesh.Consumer.Service.ValidOrder   : This order 123 is going for preparing to Chef Preparation
2026-02-13T19:21:52.203+05:30  INFO 25830 --- [Consumer] [http-nio-8080-exec-9] c.brahmesh.Consumer.Service.ValidOrder   : Order: 123 placed at ANDROID
2026-02-13T19:21:56.353+05:30  INFO 25830 --- [Consumer] [http-nio-8080-exec-10] c.b.Consumer.Controller.StartPoint       : Order Check Successfully
2026-02-13T19:21:56.366+05:30  INFO 25830 --- [Consumer] [http-nio-8080-exec-10] c.brahmesh.Consumer.Service.ValidOrder   : This order 123 is going for preparing to Chef Preparation
2026-02-13T19:21:56.366+05:30  INFO 25830 --- [Consumer] [http-nio-8080-exec-10] c.brahmesh.Consumer.Service.ValidOrder   : Order: 123 placed at ANDROID
2026-02-13T19:21:58.879+05:30  INFO 25830 --- [Consumer] [http-nio-8080-exec-2] c.b.Consumer.Controller.StartPoint       : Order Check Successfully
2026-02-13T19:21:58.887+05:30  INFO 25830 --- [Consumer] [http-nio-8080-exec-2] c.brahmesh.Consumer.Service.ValidOrder   : This order 32 is going for preparing to Chef Preparation
2026-02-13T19:21:58.887+05:30  INFO 25830 --- [Consumer] [http-nio-8080-exec-2] c.brahmesh.Consumer.Service.ValidOrder   : Order: 32 placed at WEB
2026-02-13T19:22:04.457+05:30  INFO 25830 --- [Consumer] [http-nio-8080-exec-1] c.b.Consumer.Controller.StartPoint       : Order Check Successfully
2026-02-13T19:22:04.465+05:30  INFO 25830 --- [Consumer] [http-nio-8080-exec-1] c.brahmesh.Consumer.Service.ValidOrder   : This order 32 is going for preparing to Chef Preparation
2026-02-13T19:22:04.465+05:30  INFO 25830 --- [Consumer] [http-nio-8080-exec-1] c.brahmesh.Consumer.Service.ValidOrder   : Order: 32 placed at WEB
2026-02-13T19:22:07.069+05:30  INFO 25830 --- [Consumer] [http-nio-8080-exec-3] c.b.Consumer.Controller.StartPoint       : Order Check Successfully
2026-02-13T19:22:07.078+05:30  INFO 25830 --- [Consumer] [http-nio-8080-exec-3] c.brahmesh.Consumer.Service.ValidOrder   : This order 323 is going for preparing to Chef Preparation
2026-02-13T19:22:07.078+05:30  INFO 25830 --- [Consumer] [http-nio-8080-exec-3] c.brahmesh.Consumer.Service.ValidOrder   : Order: 323 placed at ANDROID
2026-02-13T19:22:10.053+05:30  INFO 25830 --- [Consumer] [http-nio-8080-exec-5] c.b.Consumer.Controller.StartPoint       : Order Check Successfully
2026-02-13T19:22:10.059+05:30  INFO 25830 --- [Consumer] [http-nio-8080-exec-5] c.brahmesh.Consumer.Service.ValidOrder   : This order 123 is going for preparing to Chef Preparation
2026-02-13T19:22:10.060+05:30  INFO 25830 --- [Consumer] [http-nio-8080-exec-5] c.brahmesh.Consumer.Service.ValidOrder   : Order: 123 placed at ANDROID
2026-02-13T19:22:12.773+05:30  INFO 25830 --- [Consumer] [http-nio-8080-exec-4] c.b.Consumer.Controller.StartPoint       : Order Check Successfully
2026-02-13T19:22:12.781+05:30  INFO 25830 --- [Consumer] [http-nio-8080-exec-4] c.brahmesh.Consumer.Service.ValidOrder   : This order 123 is going for preparing to Chef Preparation
2026-02-13T19:22:12.781+05:30  INFO 25830 --- [Consumer] [http-nio-8080-exec-4] c.brahmesh.Consumer.Service.ValidOrder   : Order: 123 placed at ANDROID
2026-02-13T19:22:16.681+05:30  INFO 25830 --- [Consumer] [http-nio-8080-exec-6] c.b.Consumer.Controller.StartPoint       : Order Check Successfully
2026-02-13T19:22:16.733+05:30  INFO 25830 --- [Consumer] [http-nio-8080-exec-6] c.brahmesh.Consumer.Service.ValidOrder   : This order 22 is going for preparing to Chef Preparation
2026-02-13T19:22:16.733+05:30  INFO 25830 --- [Consumer] [http-nio-8080-exec-6] c.brahmesh.Consumer.Service.ValidOrder   : Order: 22 placed at WEB
2026-02-13T19:22:20.628+05:30  INFO 25830 --- [Consumer] [http-nio-8080-exec-7] c.b.Consumer.Controller.StartPoint       : Order Check Successfully
2026-02-13T19:22:20.764+05:30  INFO 25830 --- [Consumer] [http-nio-8080-exec-7] c.brahmesh.Consumer.Service.ValidOrder   : This order 321 is going for preparing to Chef Preparation
2026-02-13T19:22:20.765+05:30  INFO 25830 --- [Consumer] [http-nio-8080-exec-7] c.brahmesh.Consumer.Service.ValidOrder   : Order: 321 placed at ANDROID
2026-02-13T19:22:23.918+05:30  INFO 25830 --- [Consumer] [http-nio-8080-exec-8] c.b.Consumer.Controller.StartPoint       : Order Check Successfully
2026-02-13T19:22:23.969+05:30  INFO 25830 --- [Consumer] [http-nio-8080-exec-8] c.brahmesh.Consumer.Service.ValidOrder   : This order 1212 is going for preparing to Chef Preparation
2026-02-13T19:22:23.970+05:30  INFO 25830 --- [Consumer] [http-nio-8080-exec-8] c.brahmesh.Consumer.Service.ValidOrder   : Order: 1212 placed at WEB
2026-02-13T19:22:28.402+05:30  INFO 25830 --- [Consumer] [http-nio-8080-exec-9] c.b.Consumer.Controller.StartPoint       : Order Check Successfully
2026-02-13T19:22:28.420+05:30  INFO 25830 --- [Consumer] [http-nio-8080-exec-9] c.brahmesh.Consumer.Service.ValidOrder   : This order 1212 is going for preparing to Chef Preparation
2026-02-13T19:22:28.422+05:30  INFO 25830 --- [Consumer] [http-nio-8080-exec-9] c.brahmesh.Consumer.Service.ValidOrder   : Order: 1212 placed at WEB
2026-02-13T19:22:31.372+05:30  INFO 25830 --- [Consumer] [http-nio-8080-exec-10] c.b.Consumer.Controller.StartPoint       : Order Check Successfully
2026-02-13T19:22:31.424+05:30  INFO 25830 --- [Consumer] [http-nio-8080-exec-10] c.brahmesh.Consumer.Service.ValidOrder   : This order 43 is going for preparing to Chef Preparation
2026-02-13T19:22:31.424+05:30  INFO 25830 --- [Consumer] [http-nio-8080-exec-10] c.brahmesh.Consumer.Service.ValidOrder   : Order: 43 placed at ANDROID
2026-02-13T19:22:33.750+05:30  INFO 25830 --- [Consumer] [http-nio-8080-exec-2] c.b.Consumer.Controller.StartPoint       : Order Check Successfully
2026-02-13T19:22:33.802+05:30  INFO 25830 --- [Consumer] [http-nio-8080-exec-2] c.brahmesh.Consumer.Service.ValidOrder   : This order 54 is going for preparing to Chef Preparation
2026-02-13T19:22:33.803+05:30  INFO 25830 --- [Consumer] [http-nio-8080-exec-2] c.brahmesh.Consumer.Service.ValidOrder   : Order: 54 placed at WEB
2026-02-13T19:22:37.757+05:30  INFO 25830 --- [Consumer] [http-nio-8080-exec-1] c.b.Consumer.Controller.StartPoint       : Order Check Successfully
2026-02-13T19:22:37.767+05:30  INFO 25830 --- [Consumer] [http-nio-8080-exec-1] c.brahmesh.Consumer.Service.ValidOrder   : This order 98 is going for preparing to Chef Preparation
2026-02-13T19:22:37.767+05:30  INFO 25830 --- [Consumer] [http-nio-8080-exec-1] c.brahmesh.Consumer.Service.ValidOrder   : Order: 98 placed at WEB
2026-02-13T19:22:40.371+05:30  INFO 25830 --- [Consumer] [http-nio-8080-exec-3] c.b.Consumer.Controller.StartPoint       : Order Check Successfully
2026-02-13T19:22:40.421+05:30  INFO 25830 --- [Consumer] [http-nio-8080-exec-3] c.brahmesh.Consumer.Service.ValidOrder   : This order 78 is going for preparing to Chef Preparation
2026-02-13T19:22:40.422+05:30  INFO 25830 --- [Consumer] [http-nio-8080-exec-3] c.brahmesh.Consumer.Service.ValidOrder   : Order: 78 placed at WEB
2026-02-13T19:22:43.502+05:30  INFO 25830 --- [Consumer] [http-nio-8080-exec-5] c.b.Consumer.Controller.StartPoint       : Order Check Successfully
2026-02-13T19:22:43.563+05:30  INFO 25830 --- [Consumer] [http-nio-8080-exec-5] c.brahmesh.Consumer.Service.ValidOrder   : This order 67 is going for preparing to Chef Preparation
2026-02-13T19:22:43.564+05:30  INFO 25830 --- [Consumer] [http-nio-8080-exec-5] c.brahmesh.Consumer.Service.ValidOrder   : Order: 67 placed at ANDROID
2026-02-13T19:22:46.066+05:30  INFO 25830 --- [Consumer] [http-nio-8080-exec-4] c.b.Consumer.Controller.StartPoint       : Order Check Successfully
2026-02-13T19:22:46.081+05:30  INFO 25830 --- [Consumer] [http-nio-8080-exec-4] c.brahmesh.Consumer.Service.ValidOrder   : This order 65 is going for preparing to Chef Preparation
2026-02-13T19:22:46.081+05:30  INFO 25830 --- [Consumer] [http-nio-8080-exec-4] c.brahmesh.Consumer.Service.ValidOrder   : Order: 65 placed at ANDROID
2026-02-13T19:22:49.876+05:30  INFO 25830 --- [Consumer] [http-nio-8080-exec-6] c.b.Consumer.Controller.StartPoint       : Order Check Successfully
2026-02-13T19:22:49.882+05:30  INFO 25830 --- [Consumer] [http-nio-8080-exec-6] c.brahmesh.Consumer.Service.ValidOrder   : This order 65 is going for preparing to Chef Preparation
2026-02-13T19:22:49.882+05:30  INFO 25830 --- [Consumer] [http-nio-8080-exec-6] c.brahmesh.Consumer.Service.ValidOrder   : Order: 65 placed at ANDROID
2026-02-13T19:22:52.343+05:30  INFO 25830 --- [Consumer] [http-nio-8080-exec-7] c.b.Consumer.Controller.StartPoint       : Order Check Successfully
2026-02-13T19:22:52.349+05:30  INFO 25830 --- [Consumer] [http-nio-8080-exec-7] c.brahmesh.Consumer.Service.ValidOrder   : This order 45 is going for preparing to Chef Preparation
2026-02-13T19:22:52.349+05:30  INFO 25830 --- [Consumer] [http-nio-8080-exec-7] c.brahmesh.Consumer.Service.ValidOrder   : Order: 45 placed at ANDROID
2026-02-13T19:22:55.150+05:30  INFO 25830 --- [Consumer] [http-nio-8080-exec-8] c.b.Consumer.Controller.StartPoint       : Order Check Successfully
2026-02-13T19:22:55.167+05:30  INFO 25830 --- [Consumer] [http-nio-8080-exec-8] c.brahmesh.Consumer.Service.ValidOrder   : This order 43 is going for preparing to Chef Preparation
2026-02-13T19:22:55.168+05:30  INFO 25830 --- [Consumer] [http-nio-8080-exec-8] c.brahmesh.Consumer.Service.ValidOrder   : Order: 43 placed at ANDROID
2026-02-13T19:22:57.992+05:30  INFO 25830 --- [Consumer] [http-nio-8080-exec-9] c.b.Consumer.Controller.StartPoint       : Order Check Successfully
2026-02-13T19:22:58.019+05:30  INFO 25830 --- [Consumer] [http-nio-8080-exec-9] c.brahmesh.Consumer.Service.ValidOrder   : This order 23 is going for preparing to Chef Preparation
2026-02-13T19:22:58.020+05:30  INFO 25830 --- [Consumer] [http-nio-8080-exec-9] c.brahmesh.Consumer.Service.ValidOrder   : Order: 23 placed at ANDROID
2026-02-13T19:23:01.128+05:30  INFO 25830 --- [Consumer] [http-nio-8080-exec-10] c.b.Consumer.Controller.StartPoint       : Order Check Successfully
2026-02-13T19:23:01.136+05:30  INFO 25830 --- [Consumer] [http-nio-8080-exec-10] c.brahmesh.Consumer.Service.ValidOrder   : This order 12 is going for preparing to Chef Preparation
2026-02-13T19:23:01.136+05:30  INFO 25830 --- [Consumer] [http-nio-8080-exec-10] c.brahmesh.Consumer.Service.ValidOrder   : Order: 12 placed at WEB
2026-02-13T19:23:04.101+05:30  INFO 25830 --- [Consumer] [http-nio-8080-exec-2] c.b.Consumer.Controller.StartPoint       : Order Check Successfully
2026-02-13T19:23:04.113+05:30  INFO 25830 --- [Consumer] [http-nio-8080-exec-2] c.brahmesh.Consumer.Service.ValidOrder   : This order 13 is going for preparing to Chef Preparation
2026-02-13T19:23:04.113+05:30  INFO 25830 --- [Consumer] [http-nio-8080-exec-2] c.brahmesh.Consumer.Service.ValidOrder   : Order: 13 placed at ANDROID
2026-02-13T19:23:07.043+05:30  INFO 25830 --- [Consumer] [http-nio-8080-exec-1] c.b.Consumer.Controller.StartPoint       : Order Check Successfully
2026-02-13T19:23:07.100+05:30  INFO 25830 --- [Consumer] [http-nio-8080-exec-1] c.brahmesh.Consumer.Service.ValidOrder   : This order 24 is going for preparing to Chef Preparation
2026-02-13T19:23:07.100+05:30  INFO 25830 --- [Consumer] [http-nio-8080-exec-1] c.brahmesh.Consumer.Service.ValidOrder   : Order: 24 placed at WEB
2026-02-13T19:25:07.161+05:30  INFO 25830 --- [Consumer] [http-nio-8080-exec-4] c.b.Consumer.Controller.StartPoint       : Order Check Successfully
2026-02-13T19:25:07.195+05:30  INFO 25830 --- [Consumer] [http-nio-8080-exec-4] c.brahmesh.Consumer.Service.ValidOrder   : This order 24 is going for preparing to Chef Preparation
2026-02-13T19:25:07.195+05:30  INFO 25830 --- [Consumer] [http-nio-8080-exec-4] c.brahmesh.Consumer.Service.ValidOrder   : Order: 24 placed at WEB
2026-02-13T19:25:08.162+05:30  INFO 25830 --- [Consumer] [http-nio-8080-exec-7] c.b.Consumer.Controller.StartPoint       : Order Check Successfully
2026-02-13T19:25:08.166+05:30  INFO 25830 --- [Consumer] [http-nio-8080-exec-7] c.brahmesh.Consumer.Service.ValidOrder   : This order 24 is going for preparing to Chef Preparation
2026-02-13T19:25:08.168+05:30  INFO 25830 --- [Consumer] [http-nio-8080-exec-7] c.brahmesh.Consumer.Service.ValidOrder   : Order: 24 placed at WEB
2026-02-13T19:25:08.863+05:30  INFO 25830 --- [Consumer] [http-nio-8080-exec-8] c.b.Consumer.Controller.StartPoint       : Order Check Successfully
2026-02-13T19:25:08.867+05:30  INFO 25830 --- [Consumer] [http-nio-8080-exec-8] c.brahmesh.Consumer.Service.ValidOrder   : This order 24 is going for preparing to Chef Preparation
2026-02-13T19:25:08.867+05:30  INFO 25830 --- [Consumer] [http-nio-8080-exec-8] c.brahmesh.Consumer.Service.ValidOrder   : Order: 24 placed at WEB
2026-02-13T19:25:10.246+05:30  INFO 25830 --- [Consumer] [http-nio-8080-exec-9] c.b.Consumer.Controller.StartPoint       : Order Check Successfully
2026-02-13T19:25:10.266+05:30  INFO 25830 --- [Consumer] [http-nio-8080-exec-9] c.brahmesh.Consumer.Service.ValidOrder   : This order 24 is going for preparing to Chef Preparation
2026-02-13T19:25:10.266+05:30  INFO 25830 --- [Consumer] [http-nio-8080-exec-9] c.brahmesh.Consumer.Service.ValidOrder   : Order: 24 placed at WEB
2026-02-13T19:26:59.531+05:30  INFO 25830 --- [Consumer] [http-nio-8080-exec-2] c.b.Consumer.Controller.StartPoint       : Order Check Successfully
2026-02-13T19:26:59.538+05:30  INFO 25830 --- [Consumer] [http-nio-8080-exec-2] c.brahmesh.Consumer.Service.ValidOrder   : This order 12 is going for preparing to Chef Preparation
2026-02-13T19:26:59.538+05:30  INFO 25830 --- [Consumer] [http-nio-8080-exec-2] c.brahmesh.Consumer.Service.ValidOrder   : Order: 12 placed at WEB
2026-02-13T19:27:02.158+05:30  INFO 25830 --- [Consumer] [http-nio-8080-exec-1] c.b.Consumer.Controller.StartPoint       : Order Check Successfully
2026-02-13T19:27:02.207+05:30  INFO 25830 --- [Consumer] [http-nio-8080-exec-1] c.brahmesh.Consumer.Service.ValidOrder   : This order 432 is going for preparing to Chef Preparation
2026-02-13T19:27:02.208+05:30  INFO 25830 --- [Consumer] [http-nio-8080-exec-1] c.brahmesh.Consumer.Service.ValidOrder   : Order: 432 placed at WEB
2026-02-13T19:27:05.182+05:30  INFO 25830 --- [Consumer] [http-nio-8080-exec-3] c.b.Consumer.Controller.StartPoint       : Order Check Successfully
2026-02-13T19:27:05.189+05:30  INFO 25830 --- [Consumer] [http-nio-8080-exec-3] c.brahmesh.Consumer.Service.ValidOrder   : This order 432 is going for preparing to Chef Preparation
2026-02-13T19:27:05.190+05:30  INFO 25830 --- [Consumer] [http-nio-8080-exec-3] c.brahmesh.Consumer.Service.ValidOrder   : Order: 432 placed at WEB
2026-02-13T19:27:37.861+05:30  INFO 25830 --- [Consumer] [http-nio-8080-exec-5] c.b.Consumer.Controller.StartPoint       : Order Check Successfully
2026-02-13T19:27:37.962+05:30  INFO 25830 --- [Consumer] [http-nio-8080-exec-5] c.brahmesh.Consumer.Service.ValidOrder   : This order 11 is going for preparing to Chef Preparation
2026-02-13T19:27:37.962+05:30  INFO 25830 --- [Consumer] [http-nio-8080-exec-5] c.brahmesh.Consumer.Service.ValidOrder   : Order: 11 placed at ANDROID
2026-02-13T19:27:38.949+05:30  INFO 25830 --- [Consumer] [http-nio-8080-exec-4] c.b.Consumer.Controller.StartPoint       : Order Check Successfully
2026-02-13T19:27:38.954+05:30  INFO 25830 --- [Consumer] [http-nio-8080-exec-4] c.brahmesh.Consumer.Service.ValidOrder   : This order 11 is going for preparing to Chef Preparation
2026-02-13T19:27:38.954+05:30  INFO 25830 --- [Consumer] [http-nio-8080-exec-4] c.brahmesh.Consumer.Service.ValidOrder   : Order: 11 placed at ANDROID
2026-02-13T19:39:49.071+05:30  INFO 25830 --- [Consumer] [http-nio-8080-exec-7] c.b.Consumer.Controller.StartPoint       : Order Check Successfully
2026-02-13T19:39:49.141+05:30  INFO 25830 --- [Consumer] [http-nio-8080-exec-7] c.brahmesh.Consumer.Service.ValidOrder   : This order 11 is going for preparing to Chef Preparation
2026-02-13T19:39:49.142+05:30  INFO 25830 --- [Consumer] [http-nio-8080-exec-7] c.brahmesh.Consumer.Service.ValidOrder   : Order: 11 placed at ANDROID
2026-02-13T19:40:57.815+05:30  INFO 25830 --- [Consumer] [http-nio-8080-exec-10] c.b.Consumer.Controller.StartPoint       : Order Check Successfully
2026-02-13T19:40:57.822+05:30  INFO 25830 --- [Consumer] [http-nio-8080-exec-10] c.brahmesh.Consumer.Service.ValidOrder   : This order 11 is going for preparing to Chef Preparation
2026-02-13T19:40:57.822+05:30  INFO 25830 --- [Consumer] [http-nio-8080-exec-10] c.brahmesh.Consumer.Service.ValidOrder   : Order: 11 placed at ANDROID
2026-02-13T19:41:01.258+05:30  INFO 25830 --- [Consumer] [http-nio-8080-exec-2] c.b.Consumer.Controller.StartPoint       : Order Check Successfully
2026-02-13T19:41:01.263+05:30  INFO 25830 --- [Consumer] [http-nio-8080-exec-2] c.brahmesh.Consumer.Service.ValidOrder   : This order 11 is going for preparing to Chef Preparation
2026-02-13T19:41:01.264+05:30  INFO 25830 --- [Consumer] [http-nio-8080-exec-2] c.brahmesh.Consumer.Service.ValidOrder   : Order: 11 placed at ANDROID
2026-02-13T19:43:25.862+05:30  INFO 25830 --- [Consumer] [http-nio-8080-exec-5] c.b.Consumer.Controller.StartPoint       : Order Check Successfully
2026-02-13T19:43:25.869+05:30  INFO 25830 --- [Consumer] [http-nio-8080-exec-5] c.brahmesh.Consumer.Service.ValidOrder   : This order 123 is going for preparing to Chef Preparation
2026-02-13T19:43:25.869+05:30  INFO 25830 --- [Consumer] [http-nio-8080-exec-5] c.brahmesh.Consumer.Service.ValidOrder   : Order: 123 placed at ANDROID
2026-02-13T19:43:28.212+05:30  INFO 25830 --- [Consumer] [http-nio-8080-exec-4] c.b.Consumer.Controller.StartPoint       : Order Check Successfully
2026-02-13T19:43:28.216+05:30  INFO 25830 --- [Consumer] [http-nio-8080-exec-4] c.brahmesh.Consumer.Service.ValidOrder   : This order 123 is going for preparing to Chef Preparation
2026-02-13T19:43:28.216+05:30  INFO 25830 --- [Consumer] [http-nio-8080-exec-4] c.brahmesh.Consumer.Service.ValidOrder   : Order: 123 placed at ANDROID
2026-02-13T19:43:35.550+05:30  INFO 25830 --- [Consumer] [http-nio-8080-exec-6] c.b.Consumer.Controller.StartPoint       : Order Check Successfully
2026-02-13T19:43:35.560+05:30  INFO 25830 --- [Consumer] [http-nio-8080-exec-6] c.brahmesh.Consumer.Service.ValidOrder   : This order 11 is going for preparing to Chef Preparation
2026-02-13T19:43:35.562+05:30  INFO 25830 --- [Consumer] [http-nio-8080-exec-6] c.brahmesh.Consumer.Service.ValidOrder   : Order: 11 placed at ANDROID
2026-02-13T19:43:39.044+05:30  INFO 25830 --- [Consumer] [http-nio-8080-exec-8] c.b.Consumer.Controller.StartPoint       : Order Check Successfully
2026-02-13T19:43:39.094+05:30  INFO 25830 --- [Consumer] [http-nio-8080-exec-8] c.brahmesh.Consumer.Service.ValidOrder   : This order 142 is going for preparing to Chef Preparation
2026-02-13T19:43:39.094+05:30  INFO 25830 --- [Consumer] [http-nio-8080-exec-8] c.brahmesh.Consumer.Service.ValidOrder   : Order: 142 placed at WEB
2026-02-13T19:43:43.454+05:30  INFO 25830 --- [Consumer] [http-nio-8080-exec-7] c.b.Consumer.Controller.StartPoint       : Order Check Successfully
2026-02-13T19:43:43.503+05:30  INFO 25830 --- [Consumer] [http-nio-8080-exec-7] c.brahmesh.Consumer.Service.ValidOrder   : This order 16 is going for preparing to Chef Preparation
2026-02-13T19:43:43.504+05:30  INFO 25830 --- [Consumer] [http-nio-8080-exec-7] c.brahmesh.Consumer.Service.ValidOrder   : Order: 16 placed at WEB
2026-02-13T19:43:46.474+05:30  INFO 25830 --- [Consumer] [http-nio-8080-exec-9] c.b.Consumer.Controller.StartPoint       : Order Check Successfully
2026-02-13T19:43:46.478+05:30  INFO 25830 --- [Consumer] [http-nio-8080-exec-9] c.brahmesh.Consumer.Service.ValidOrder   : This order 123 is going for preparing to Chef Preparation
2026-02-13T19:43:46.478+05:30  INFO 25830 --- [Consumer] [http-nio-8080-exec-9] c.brahmesh.Consumer.Service.ValidOrder   : Order: 123 placed at ANDROID
2026-02-13T19:43:49.328+05:30  INFO 25830 --- [Consumer] [http-nio-8080-exec-10] c.b.Consumer.Controller.StartPoint       : Order Check Successfully
2026-02-13T19:43:49.375+05:30  INFO 25830 --- [Consumer] [http-nio-8080-exec-10] c.brahmesh.Consumer.Service.ValidOrder   : This order 156 is going for preparing to Chef Preparation
2026-02-13T19:43:49.375+05:30  INFO 25830 --- [Consumer] [http-nio-8080-exec-10] c.brahmesh.Consumer.Service.ValidOrder   : Order: 156 placed at WEB
2026-02-13T19:43:52.911+05:30  INFO 25830 --- [Consumer] [http-nio-8080-exec-2] c.b.Consumer.Controller.StartPoint       : Order Check Successfully
2026-02-13T19:43:52.914+05:30  INFO 25830 --- [Consumer] [http-nio-8080-exec-2] c.brahmesh.Consumer.Service.ValidOrder   : This order 123 is going for preparing to Chef Preparation
2026-02-13T19:43:52.914+05:30  INFO 25830 --- [Consumer] [http-nio-8080-exec-2] c.brahmesh.Consumer.Service.ValidOrder   : Order: 123 placed at ANDROID
2026-02-13T19:43:56.351+05:30  INFO 25830 --- [Consumer] [http-nio-8080-exec-1] c.b.Consumer.Controller.StartPoint       : Order Check Successfully
2026-02-13T19:43:56.396+05:30  INFO 25830 --- [Consumer] [http-nio-8080-exec-1] c.brahmesh.Consumer.Service.ValidOrder   : This order 152 is going for preparing to Chef Preparation
2026-02-13T19:43:56.396+05:30  INFO 25830 --- [Consumer] [http-nio-8080-exec-1] c.brahmesh.Consumer.Service.ValidOrder   : Order: 152 placed at WEB
2026-02-13T19:43:59.405+05:30  INFO 25830 --- [Consumer] [http-nio-8080-exec-3] c.b.Consumer.Controller.StartPoint       : Order Check Successfully
2026-02-13T19:43:59.412+05:30  INFO 25830 --- [Consumer] [http-nio-8080-exec-3] c.brahmesh.Consumer.Service.ValidOrder   : This order 12 is going for preparing to Chef Preparation
2026-02-13T19:43:59.412+05:30  INFO 25830 --- [Consumer] [http-nio-8080-exec-3] c.brahmesh.Consumer.Service.ValidOrder   : Order: 12 placed at WEB
2026-02-13T19:44:02.546+05:30  INFO 25830 --- [Consumer] [http-nio-8080-exec-5] c.b.Consumer.Controller.StartPoint       : Order Check Successfully
2026-02-13T19:44:02.553+05:30  INFO 25830 --- [Consumer] [http-nio-8080-exec-5] c.brahmesh.Consumer.Service.ValidOrder   : This order 123 is going for preparing to Chef Preparation
2026-02-13T19:44:02.554+05:30  INFO 25830 --- [Consumer] [http-nio-8080-exec-5] c.brahmesh.Consumer.Service.ValidOrder   : Order: 123 placed at ANDROID
2026-02-13T19:44:06.435+05:30  INFO 25830 --- [Consumer] [http-nio-8080-exec-4] c.b.Consumer.Controller.StartPoint       : Order Check Successfully
2026-02-13T19:44:06.487+05:30  INFO 25830 --- [Consumer] [http-nio-8080-exec-4] c.brahmesh.Consumer.Service.ValidOrder   : This order 131 is going for preparing to Chef Preparation
2026-02-13T19:44:06.489+05:30  INFO 25830 --- [Consumer] [http-nio-8080-exec-4] c.brahmesh.Consumer.Service.ValidOrder   : Order: 131 placed at ANDROID
2026-02-13T19:44:09.369+05:30  INFO 25830 --- [Consumer] [http-nio-8080-exec-6] c.b.Consumer.Controller.StartPoint       : Order Check Successfully
2026-02-13T19:44:09.420+05:30  INFO 25830 --- [Consumer] [http-nio-8080-exec-6] c.brahmesh.Consumer.Service.ValidOrder   : This order 51 is going for preparing to Chef Preparation
2026-02-13T19:44:09.420+05:30  INFO 25830 --- [Consumer] [http-nio-8080-exec-6] c.brahmesh.Consumer.Service.ValidOrder   : Order: 51 placed at ANDROID
2026-02-13T19:44:12.706+05:30  INFO 25830 --- [Consumer] [http-nio-8080-exec-8] c.b.Consumer.Controller.StartPoint       : Order Check Successfully
2026-02-13T19:44:12.756+05:30  INFO 25830 --- [Consumer] [http-nio-8080-exec-8] c.brahmesh.Consumer.Service.ValidOrder   : This order 512 is going for preparing to Chef Preparation
2026-02-13T19:44:12.761+05:30  INFO 25830 --- [Consumer] [http-nio-8080-exec-8] c.brahmesh.Consumer.Service.ValidOrder   : Order: 512 placed at WEB
2026-02-13T19:50:18.598+05:30  INFO 25830 --- [Consumer] [http-nio-8080-exec-9] c.b.Consumer.Controller.StartPoint       : Order Check Successfully
2026-02-13T19:50:18.605+05:30  INFO 25830 --- [Consumer] [http-nio-8080-exec-9] c.brahmesh.Consumer.Service.ValidOrder   : This order 675 is going for preparing to Chef Preparation
2026-02-13T19:50:18.606+05:30  INFO 25830 --- [Consumer] [http-nio-8080-exec-9] c.brahmesh.Consumer.Service.ValidOrder   : Order: 675 placed at ANDROID
2026-02-13T19:50:25.248+05:30  INFO 25830 --- [Consumer] [http-nio-8080-exec-2] c.b.Consumer.Controller.StartPoint       : Order Check Successfully
2026-02-13T19:50:25.296+05:30  INFO 25830 --- [Consumer] [http-nio-8080-exec-2] c.brahmesh.Consumer.Service.ValidOrder   : This order 879 is going for preparing to Chef Preparation
2026-02-13T19:50:25.299+05:30  INFO 25830 --- [Consumer] [http-nio-8080-exec-2] c.brahmesh.Consumer.Service.ValidOrder   : Order: 879 placed at ANDROID
2026-02-13T19:50:28.890+05:30  INFO 25830 --- [Consumer] [http-nio-8080-exec-1] c.b.Consumer.Controller.StartPoint       : Order Check Successfully
2026-02-13T19:50:28.901+05:30  INFO 25830 --- [Consumer] [http-nio-8080-exec-1] c.brahmesh.Consumer.Service.ValidOrder   : This order 12331 is going for preparing to Chef Preparation
2026-02-13T19:50:28.902+05:30  INFO 25830 --- [Consumer] [http-nio-8080-exec-1] c.brahmesh.Consumer.Service.ValidOrder   : Order: 12331 placed at ANDROID
2026-02-13T19:50:32.230+05:30  INFO 25830 --- [Consumer] [http-nio-8080-exec-3] c.b.Consumer.Controller.StartPoint       : Order Check Successfully
2026-02-13T19:50:32.233+05:30  INFO 25830 --- [Consumer] [http-nio-8080-exec-3] c.brahmesh.Consumer.Service.ValidOrder   : This order 67 is going for preparing to Chef Preparation
2026-02-13T19:50:32.233+05:30  INFO 25830 --- [Consumer] [http-nio-8080-exec-3] c.brahmesh.Consumer.Service.ValidOrder   : Order: 67 placed at ANDROID
2026-02-13T19:51:28.827+05:30  INFO 25830 --- [Consumer] [http-nio-8080-exec-5] c.b.Consumer.Controller.StartPoint       : Order Check Successfully
2026-02-13T19:51:28.835+05:30  INFO 25830 --- [Consumer] [http-nio-8080-exec-5] c.brahmesh.Consumer.Service.ValidOrder   : This order 67 is going for preparing to Chef Preparation
2026-02-13T19:51:28.836+05:30  INFO 25830 --- [Consumer] [http-nio-8080-exec-5] c.brahmesh.Consumer.Service.ValidOrder   : Order: 67 placed at ANDROID
2026-02-13T20:01:46.561+05:30  INFO 25830 --- [Consumer] [http-nio-8080-exec-6] c.b.Consumer.Controller.StartPoint       : Order Check Successfully
2026-02-13T20:01:46.575+05:30  INFO 25830 --- [Consumer] [http-nio-8080-exec-6] c.brahmesh.Consumer.Service.ValidOrder   : This order 67 is going for preparing to Chef Preparation
2026-02-13T20:01:46.575+05:30  INFO 25830 --- [Consumer] [http-nio-8080-exec-6] c.brahmesh.Consumer.Service.ValidOrder   : Order: 67 placed at ANDROID
2026-02-13T20:01:47.938+05:30  INFO 25830 --- [Consumer] [http-nio-8080-exec-7] c.b.Consumer.Controller.StartPoint       : Order Check Successfully
2026-02-13T20:01:47.943+05:30  INFO 25830 --- [Consumer] [http-nio-8080-exec-7] c.brahmesh.Consumer.Service.ValidOrder   : This order 67 is going for preparing to Chef Preparation
2026-02-13T20:01:47.943+05:30  INFO 25830 --- [Consumer] [http-nio-8080-exec-7] c.brahmesh.Consumer.Service.ValidOrder   : Order: 67 placed at ANDROID
2026-02-13T20:01:48.768+05:30  INFO 25830 --- [Consumer] [http-nio-8080-exec-10] c.b.Consumer.Controller.StartPoint       : Order Check Successfully
2026-02-13T20:01:48.772+05:30  INFO 25830 --- [Consumer] [http-nio-8080-exec-10] c.brahmesh.Consumer.Service.ValidOrder   : This order 67 is going for preparing to Chef Preparation
2026-02-13T20:01:48.773+05:30  INFO 25830 --- [Consumer] [http-nio-8080-exec-10] c.brahmesh.Consumer.Service.ValidOrder   : Order: 67 placed at ANDROID
2026-02-13T20:01:49.607+05:30  INFO 25830 --- [Consumer] [http-nio-8080-exec-9] c.b.Consumer.Controller.StartPoint       : Order Check Successfully
2026-02-13T20:01:49.612+05:30  INFO 25830 --- [Consumer] [http-nio-8080-exec-9] c.brahmesh.Consumer.Service.ValidOrder   : This order 67 is going for preparing to Chef Preparation
2026-02-13T20:01:49.612+05:30  INFO 25830 --- [Consumer] [http-nio-8080-exec-9] c.brahmesh.Consumer.Service.ValidOrder   : Order: 67 placed at ANDROID
2026-02-13T20:01:50.464+05:30  INFO 25830 --- [Consumer] [http-nio-8080-exec-2] c.b.Consumer.Controller.StartPoint       : Order Check Successfully
2026-02-13T20:01:50.467+05:30  INFO 25830 --- [Consumer] [http-nio-8080-exec-2] c.brahmesh.Consumer.Service.ValidOrder   : This order 67 is going for preparing to Chef Preparation
2026-02-13T20:01:50.468+05:30  INFO 25830 --- [Consumer] [http-nio-8080-exec-2] c.brahmesh.Consumer.Service.ValidOrder   : Order: 67 placed at ANDROID
2026-02-13T20:01:51.359+05:30  INFO 25830 --- [Consumer] [http-nio-8080-exec-1] c.b.Consumer.Controller.StartPoint       : Order Check Successfully
2026-02-13T20:01:51.364+05:30  INFO 25830 --- [Consumer] [http-nio-8080-exec-1] c.brahmesh.Consumer.Service.ValidOrder   : This order 67 is going for preparing to Chef Preparation
2026-02-13T20:01:51.364+05:30  INFO 25830 --- [Consumer] [http-nio-8080-exec-1] c.brahmesh.Consumer.Service.ValidOrder   : Order: 67 placed at ANDROID
2026-02-13T20:01:51.925+05:30  INFO 25830 --- [Consumer] [http-nio-8080-exec-3] c.b.Consumer.Controller.StartPoint       : Order Check Successfully
2026-02-13T20:01:51.929+05:30  INFO 25830 --- [Consumer] [http-nio-8080-exec-3] c.brahmesh.Consumer.Service.ValidOrder   : This order 67 is going for preparing to Chef Preparation
2026-02-13T20:01:51.930+05:30  INFO 25830 --- [Consumer] [http-nio-8080-exec-3] c.brahmesh.Consumer.Service.ValidOrder   : Order: 67 placed at ANDROID
2026-02-13T20:01:52.641+05:30  INFO 25830 --- [Consumer] [http-nio-8080-exec-5] c.b.Consumer.Controller.StartPoint       : Order Check Successfully
2026-02-13T20:01:52.647+05:30  INFO 25830 --- [Consumer] [http-nio-8080-exec-5] c.brahmesh.Consumer.Service.ValidOrder   : This order 67 is going for preparing to Chef Preparation
2026-02-13T20:01:52.648+05:30  INFO 25830 --- [Consumer] [http-nio-8080-exec-5] c.brahmesh.Consumer.Service.ValidOrder   : Order: 67 placed at ANDROID
2026-02-13T20:01:53.259+05:30  INFO 25830 --- [Consumer] [http-nio-8080-exec-4] c.b.Consumer.Controller.StartPoint       : Order Check Successfully
2026-02-13T20:01:53.262+05:30  INFO 25830 --- [Consumer] [http-nio-8080-exec-4] c.brahmesh.Consumer.Service.ValidOrder   : This order 67 is going for preparing to Chef Preparation
2026-02-13T20:01:53.262+05:30  INFO 25830 --- [Consumer] [http-nio-8080-exec-4] c.brahmesh.Consumer.Service.ValidOrder   : Order: 67 placed at ANDROID
2026-02-13T20:01:54.130+05:30  INFO 25830 --- [Consumer] [http-nio-8080-exec-8] c.b.Consumer.Controller.StartPoint       : Order Check Successfully
2026-02-13T20:01:54.134+05:30  INFO 25830 --- [Consumer] [http-nio-8080-exec-8] c.brahmesh.Consumer.Service.ValidOrder   : This order 67 is going for preparing to Chef Preparation
2026-02-13T20:01:54.136+05:30  INFO 25830 --- [Consumer] [http-nio-8080-exec-8] c.brahmesh.Consumer.Service.ValidOrder   : Order: 67 placed at ANDROID
2026-02-13T20:02:00.346+05:30  INFO 25830 --- [Consumer] [http-nio-8080-exec-6] c.b.Consumer.Controller.StartPoint       : Order Check Successfully
2026-02-13T20:02:00.355+05:30  INFO 25830 --- [Consumer] [http-nio-8080-exec-6] c.brahmesh.Consumer.Service.ValidOrder   : This order 3 is going for preparing to Chef Preparation
2026-02-13T20:02:00.355+05:30  INFO 25830 --- [Consumer] [http-nio-8080-exec-6] c.brahmesh.Consumer.Service.ValidOrder   : Order: 3 placed at ANDROID
2026-02-13T20:02:03.847+05:30  INFO 25830 --- [Consumer] [http-nio-8080-exec-7] c.b.Consumer.Controller.StartPoint       : Order Check Successfully
2026-02-13T20:02:03.853+05:30  INFO 25830 --- [Consumer] [http-nio-8080-exec-7] c.brahmesh.Consumer.Service.ValidOrder   : This order 40 is going for preparing to Chef Preparation
2026-02-13T20:02:03.853+05:30  INFO 25830 --- [Consumer] [http-nio-8080-exec-7] c.brahmesh.Consumer.Service.ValidOrder   : Order: 40 placed at WEB
2026-02-13T20:02:04.663+05:30  INFO 25830 --- [Consumer] [http-nio-8080-exec-10] c.b.Consumer.Controller.StartPoint       : Order Check Successfully
2026-02-13T20:02:04.665+05:30  INFO 25830 --- [Consumer] [http-nio-8080-exec-10] c.brahmesh.Consumer.Service.ValidOrder   : This order 40 is going for preparing to Chef Preparation
2026-02-13T20:02:04.666+05:30  INFO 25830 --- [Consumer] [http-nio-8080-exec-10] c.brahmesh.Consumer.Service.ValidOrder   : Order: 40 placed at WEB
2026-02-13T20:02:05.561+05:30  INFO 25830 --- [Consumer] [http-nio-8080-exec-9] c.b.Consumer.Controller.StartPoint       : Order Check Successfully
2026-02-13T20:02:05.565+05:30  INFO 25830 --- [Consumer] [http-nio-8080-exec-9] c.brahmesh.Consumer.Service.ValidOrder   : This order 40 is going for preparing to Chef Preparation
2026-02-13T20:02:05.565+05:30  INFO 25830 --- [Consumer] [http-nio-8080-exec-9] c.brahmesh.Consumer.Service.ValidOrder   : Order: 40 placed at WEB
2026-02-13T20:02:06.268+05:30  INFO 25830 --- [Consumer] [http-nio-8080-exec-2] c.b.Consumer.Controller.StartPoint       : Order Check Successfully
2026-02-13T20:02:06.273+05:30  INFO 25830 --- [Consumer] [http-nio-8080-exec-2] c.brahmesh.Consumer.Service.ValidOrder   : This order 40 is going for preparing to Chef Preparation
2026-02-13T20:02:06.273+05:30  INFO 25830 --- [Consumer] [http-nio-8080-exec-2] c.brahmesh.Consumer.Service.ValidOrder   : Order: 40 placed at WEB
2026-02-13T20:02:06.999+05:30  INFO 25830 --- [Consumer] [http-nio-8080-exec-1] c.b.Consumer.Controller.StartPoint       : Order Check Successfully
2026-02-13T20:02:07.007+05:30  INFO 25830 --- [Consumer] [http-nio-8080-exec-1] c.brahmesh.Consumer.Service.ValidOrder   : This order 40 is going for preparing to Chef Preparation
2026-02-13T20:02:07.009+05:30  INFO 25830 --- [Consumer] [http-nio-8080-exec-1] c.brahmesh.Consumer.Service.ValidOrder   : Order: 40 placed at WEB
2026-02-13T20:02:07.682+05:30  INFO 25830 --- [Consumer] [http-nio-8080-exec-3] c.b.Consumer.Controller.StartPoint       : Order Check Successfully
2026-02-13T20:02:07.687+05:30  INFO 25830 --- [Consumer] [http-nio-8080-exec-3] c.brahmesh.Consumer.Service.ValidOrder   : This order 40 is going for preparing to Chef Preparation
2026-02-13T20:02:07.687+05:30  INFO 25830 --- [Consumer] [http-nio-8080-exec-3] c.brahmesh.Consumer.Service.ValidOrder   : Order: 40 placed at WEB
2026-02-13T20:02:09.370+05:30  INFO 25830 --- [Consumer] [http-nio-8080-exec-5] c.b.Consumer.Controller.StartPoint       : Order Check Successfully
2026-02-13T20:02:09.373+05:30  INFO 25830 --- [Consumer] [http-nio-8080-exec-5] c.brahmesh.Consumer.Service.ValidOrder   : This order 40 is going for preparing to Chef Preparation
2026-02-13T20:02:09.373+05:30  INFO 25830 --- [Consumer] [http-nio-8080-exec-5] c.brahmesh.Consumer.Service.ValidOrder   : Order: 40 placed at WEB
